#-----------------------------------------------------------
# Webtalk v2019.2 (64-bit)
<<<<<<< HEAD
# SW Build 2708876 on Wed Nov  6 21:39:14 MST 2019
# IP Build 2700528 on Thu Nov  7 00:09:20 MST 2019
# Start of session at: Thu Oct  7 03:24:37 2021
# Process ID: 17456
# Current directory: /home/skillet/git/ECE433/lab3/lab3.sim/sim_1/behav/xsim
# Command line: wbtcv -mode batch -source /home/skillet/git/ECE433/lab3/lab3.sim/sim_1/behav/xsim/xsim.dir/lab3detectUnitTB_behav/webtalk/xsim_webtalk.tcl -notrace
# Log file: /home/skillet/git/ECE433/lab3/lab3.sim/sim_1/behav/xsim/webtalk.log
# Journal file: /home/skillet/git/ECE433/lab3/lab3.sim/sim_1/behav/xsim/webtalk.jou
#-----------------------------------------------------------
source /home/skillet/git/ECE433/lab3/lab3.sim/sim_1/behav/xsim/xsim.dir/lab3detectUnitTB_behav/webtalk/xsim_webtalk.tcl -notrace
INFO: [Common 17-186] '/home/skillet/git/ECE433/lab3/lab3.sim/sim_1/behav/xsim/xsim.dir/lab3detectUnitTB_behav/webtalk/usage_statistics_ext_xsim.xml' has been successfully sent to Xilinx on Thu Oct  7 03:24:39 2021. For additional details about this file, please refer to the WebTalk help file at /tools/Xilinx/Vivado/2019.2/doc/webtalk_introduction.html.
INFO: [Common 17-206] Exiting Webtalk at Thu Oct  7 03:24:39 2021...
=======
# SW Build 2708876 on Wed Nov  6 21:40:23 MST 2019
# IP Build 2700528 on Thu Nov  7 00:09:20 MST 2019
# Start of session at: Wed Oct  6 06:52:08 2021
# Process ID: 952
# Current directory: C:/Xilinx/projects/lab3/lab3.sim/sim_1/behav/xsim
# Command line: wbtcv.exe -mode batch -source C:/Xilinx/projects/lab3/lab3.sim/sim_1/behav/xsim/xsim.dir/lab3detectUnitTB_behav/webtalk/xsim_webtalk.tcl -notrace
# Log file: C:/Xilinx/projects/lab3/lab3.sim/sim_1/behav/xsim/webtalk.log
# Journal file: C:/Xilinx/projects/lab3/lab3.sim/sim_1/behav/xsim\webtalk.jou
#-----------------------------------------------------------
source C:/Xilinx/projects/lab3/lab3.sim/sim_1/behav/xsim/xsim.dir/lab3detectUnitTB_behav/webtalk/xsim_webtalk.tcl -notrace
INFO: [Common 17-186] 'C:/Xilinx/projects/lab3/lab3.sim/sim_1/behav/xsim/xsim.dir/lab3detectUnitTB_behav/webtalk/usage_statistics_ext_xsim.xml' has been successfully sent to Xilinx on Wed Oct  6 06:52:19 2021. For additional details about this file, please refer to the WebTalk help file at C:/Xilinx/Vivado/2019.2/doc/webtalk_introduction.html.
webtalk_transmit: Time (s): cpu = 00:00:00 ; elapsed = 00:00:11 . Memory (MB): peak = 110.168 ; gain = 23.195
INFO: [Common 17-206] Exiting Webtalk at Wed Oct  6 06:52:19 2021...
>>>>>>> 053dff3e48178ff6e3e9bcf9cc3ca5e5d8fd6076
