Vivado Simulator 2019.2
Copyright 1986-1999, 2001-2019 Xilinx, Inc. All Rights Reserved.
Running: /tools/Xilinx/Vivado/2019.2/bin/unwrapped/lnx64.o/xelab -wto 51bdfe8e499e4abdaf504fea1cc12b95 --incr --debug typical --relax --mt 8 -L xil_defaultlib -L unisims_ver -L unimacro_ver -L secureip --snapshot testbench_behav xil_defaultlib.testbench xil_defaultlib.glbl -log elaborate.log 
Using 8 slave threads.
Starting static elaboration
Pass Through NonSizing Optimizer
Completed static elaboration
Starting simulation data flow analysis
Completed simulation data flow analysis
Time Resolution for simulation is 1ps
Compiling module unisims_ver.x_lut2_mux4
Compiling module unisims_ver.LUT2
Compiling module unisims_ver.FDRE_default
Compiling module unisims_ver.FD
Compiling module unisims_ver.FDSE_default
Compiling module unisims_ver.FDS
Compiling module unisims_ver.FDR
Compiling module unisims_ver.LUT4
Compiling module unisims_ver.FDE
Compiling module unisims_ver.x_lut3_mux8
Compiling module unisims_ver.LUT3
Compiling module unisims_ver.MUXCY
Compiling module unisims_ver.XORCY
Compiling module unisims_ver.INV
Compiling module unisims_ver.FDRSE
Compiling module unisims_ver.RAM32X1D
Compiling module unisims_ver.RAM16X1D
Compiling module unisims_ver.RAM64X1S
Compiling module unisims_ver.FD_2
Compiling module unisims_ver.FDR_2
Compiling module unisims_ver.MUXF5
Compiling module unisims_ver.RAM32X1S
Compiling module xil_defaultlib.kcpsm3_default
Compiling module unisims_ver.RB18_INTERNAL_VLOG(READ_WIDTH_A=...
Compiling module unisims_ver.RAMB18E1(INITP_00=256'b011001101...
Compiling module unisims_ver.RAMB16_S18(INIT_00=256'b01000000...
Compiling module xil_defaultlib.int_test
Compiling module xil_defaultlib.kcpsm3_int_test
Compiling module xil_defaultlib.testbench
Compiling module xil_defaultlib.glbl
Built simulation snapshot testbench_behav
